<?xml version="1.0" encoding="UTF-8"?>
<testng-results ignored="0" total="4" passed="4" failed="0" skipped="0">
  <reporter-output>
  </reporter-output>
  <suite started-at="2025-06-02T14:48:07 IST" name="Default suite" finished-at="2025-06-02T14:48:14 IST" duration-ms="6642">
    <groups>
    </groups>
    <test started-at="2025-06-02T14:48:07 IST" name="Default test" finished-at="2025-06-02T14:48:14 IST" duration-ms="6642">
      <class name="learning.rest_assured.requests">
        <test-method signature="createuser()[pri:0, instance:learning.rest_assured.requests@128d2484]" started-at="2025-06-02T14:48:07 IST" name="createuser" finished-at="2025-06-02T14:48:13 IST" duration-ms="5182" status="PASS">
          <reporter-output>
          </reporter-output>
        </test-method> <!-- createuser -->
        <test-method signature="getuser()[pri:0, instance:learning.rest_assured.requests@128d2484]" started-at="2025-06-02T14:48:13 IST" name="getuser" finished-at="2025-06-02T14:48:13 IST" duration-ms="399" status="PASS">
          <reporter-output>
          </reporter-output>
        </test-method> <!-- getuser -->
        <test-method signature="delete_user()[pri:0, instance:learning.rest_assured.requests@128d2484]" started-at="2025-06-02T14:48:13 IST" name="delete_user" finished-at="2025-06-02T14:48:13 IST" depends-on-methods="learning.rest_assured.requests.createuser" duration-ms="478" status="PASS">
          <reporter-output>
          </reporter-output>
        </test-method> <!-- delete_user -->
        <test-method signature="udpate_user()[pri:0, instance:learning.rest_assured.requests@128d2484]" started-at="2025-06-02T14:48:13 IST" name="udpate_user" finished-at="2025-06-02T14:48:14 IST" depends-on-methods="learning.rest_assured.requests.createuser" duration-ms="477" status="PASS">
          <reporter-output>
          </reporter-output>
        </test-method> <!-- udpate_user -->
      </class> <!-- learning.rest_assured.requests -->
    </test> <!-- Default test -->
  </suite> <!-- Default suite -->
</testng-results>
